2022-04-19 23:52:42.632 [main] INFO  org.javeriana.environmentReference.WeatherObject - Averages loaded:[27.3, 27.7, 28.0, 28.1, 27.85, 27.79, 27.78, 27.66, 27.35, 27.01, 27.13, 27.18]
2022-04-19 23:52:42.637 [main] INFO  org.javeriana.environmentReference.Temperature - Saturation pressure value: 3.675
2022-04-19 23:52:42.637 [main] INFO  org.javeriana.environmentReference.Temperature - Mean saturation vapour pressure: [3.67, 3.67, 3.78, 3.78, 3.78, 3.78, 3.78, 3.67, 3.67, 3.57, 3.57, 3.57]
2022-04-19 23:52:42.639 [main] INFO  org.javeriana.environmentReference.Temperature - Slope of saturation vapour pressure curve: [0.2148119010768832, 0.214163901744393, 0.2200843969141321, 0.2199185770692628, 0.2203334785468459, 0.22043322961108416, 0.22044986137413483, 0.21422856963916886, 0.21473074044623808, 0.2094175048465407, 0.20922747800781138, 0.20914837648756096]
2022-04-19 23:52:42.640 [main] INFO  org.javeriana.environmentReference.WeatherObject - Averages loaded:[80.0, 78.0, 78.0, 80.0, 83.0, 84.0, 83.0, 84.0, 85.0, 85.0, 85.0, 83.0]
2022-04-19 23:52:42.640 [main] INFO  org.javeriana.environmentReference.RelativeHumidity - Actual vapour pressure: [2.936, 2.8626, 2.9484, 3.024, 3.1373999999999995, 3.1752, 3.1373999999999995, 3.0827999999999998, 3.1195, 3.0345, 3.0345, 2.9631]
2022-04-19 23:52:42.641 [main] INFO  org.javeriana.environmentReference.RelativeHumidity - Actual vapour pressure value: 2.99145
2022-04-19 23:52:42.643 [main] INFO  org.javeriana.environmentReference.WeatherObject - Averages loaded:[7.3, 6.6, 5.7, 5.1, 4.5, 4.7, 5.3, 5.1, 4.3, 4.3, 5.0, 6.3]
2022-04-19 23:52:42.643 [main] INFO  org.javeriana.environmentReference.Radiation - Extraterrestrial loaded: [39.5, 39.3, 37.8, 34.6, 31.1, 29.1, 29.8, 32.8, 36.3, 38.5, 39.3, 39.4]
2022-04-19 23:52:42.643 [main] INFO  org.javeriana.environmentReference.Radiation - Short wave radiation: [29.625, 27.590753424657535, 24.207534246575342, 20.736301369863018, 17.360616438356164, 16.642808219178082, 18.267808219178082, 19.65753424657534, 19.76609589041096, 20.964041095890412, 23.28390410958904, 26.851369863013694]
2022-04-19 23:52:42.644 [main] INFO  org.javeriana.environmentReference.Radiation - Net short wave radiation: [22.81125, 21.244880136986303, 18.639801369863015, 15.966952054794524, 13.367674657534247, 12.814962328767123, 14.066212328767124, 15.136301369863013, 15.219893835616439, 16.14231164383562, 17.928606164383563, 20.675554794520544]
2022-04-19 23:52:42.644 [main] INFO  org.javeriana.environmentReference.Radiation - Clear sky radiation: [29.625, 29.474999999999998, 28.349999999999998, 25.950000000000003, 23.325000000000003, 21.825000000000003, 22.35, 24.599999999999998, 27.224999999999998, 28.875, 29.474999999999998, 29.549999999999997]
2022-04-19 23:52:42.644 [main] INFO  org.javeriana.environmentReference.Radiation - Net long wave radiation: [3.920218625782712, 3.5818983882151643, 3.1681250886068373, 2.8761818210560364, 2.584238553505236, 2.6815529760221692, 2.97349624357297, 2.856926450570415, 2.4702747504932163, 2.4542420137201697, 2.790366463425324, 3.414597584306323]
2022-04-19 23:52:42.645 [main] INFO  org.javeriana.environmentReference.Radiation - Net radiation: [18.891031374217288, 17.662981748771138, 15.471676281256178, 13.090770233738487, 10.783436104029011, 10.133409352744954, 11.092716085194153, 12.279374919292598, 12.749619085123223, 13.68806963011545, 15.13823970095824, 17.260957210214222]
2022-04-19 23:52:42.645 [main] INFO  org.javeriana.environmentReference.Atmospheric - Atmospheric pressure: 101.14642606935868
2022-04-19 23:52:42.645 [main] INFO  org.javeriana.environmentReference.Atmospheric - Psychrometric constant: 0.06726237333612352
2022-04-19 23:52:42.646 [main] INFO  org.javeriana.environmentReference.SoilHeatFlux - Soil heat flux from temperature averages: [0.0, 0.05599999999999981, 0.04200000000000011, 0.0140000000000002, -0.035, -0.008400000000000319, -0.0013999999999997216, -0.01680000000000014, -0.04339999999999983, -0.04759999999999998, 0.016799999999999645, 0.0070000000000001]
2022-04-19 23:52:42.647 [main] INFO  org.javeriana.environmentReference.EvapotranspirationReference - Evapotranspiration reference from climatic data: [5.882375739237345, 5.5118941343350585, 4.91745751336755, 4.24063303580995, 3.5933612538355377, 3.3992067113069955, 3.673031643693708, 3.998544652893136, 4.142436271900069, 4.39088592301466, 4.782088834758569, 5.3850665910150814]
2022-04-19 23:54:18.774 [main] INFO  org.javeriana.environmentReference.WeatherObject - Averages loaded:[27.3, 27.7, 28.0, 28.1, 27.85, 27.79, 27.78, 27.66, 27.35, 27.01, 27.13, 27.18]
2022-04-19 23:54:18.779 [main] INFO  org.javeriana.environmentReference.Temperature - Saturation pressure value: 3.675
2022-04-19 23:54:18.779 [main] INFO  org.javeriana.environmentReference.Temperature - Mean saturation vapour pressure: [3.67, 3.67, 3.78, 3.78, 3.78, 3.78, 3.78, 3.67, 3.67, 3.57, 3.57, 3.57]
2022-04-19 23:54:18.781 [main] INFO  org.javeriana.environmentReference.Temperature - Slope of saturation vapour pressure curve: [0.2148119010768832, 0.214163901744393, 0.2200843969141321, 0.2199185770692628, 0.2203334785468459, 0.22043322961108416, 0.22044986137413483, 0.21422856963916886, 0.21473074044623808, 0.2094175048465407, 0.20922747800781138, 0.20914837648756096]
2022-04-19 23:54:18.782 [main] INFO  org.javeriana.environmentReference.WeatherObject - Averages loaded:[80.0, 78.0, 78.0, 80.0, 83.0, 84.0, 83.0, 84.0, 85.0, 85.0, 85.0, 83.0]
2022-04-19 23:54:18.783 [main] INFO  org.javeriana.environmentReference.RelativeHumidity - Actual vapour pressure: [2.936, 2.8626, 2.9484, 3.024, 3.1373999999999995, 3.1752, 3.1373999999999995, 3.0827999999999998, 3.1195, 3.0345, 3.0345, 2.9631]
2022-04-19 23:54:18.783 [main] INFO  org.javeriana.environmentReference.RelativeHumidity - Actual vapour pressure value: 2.99145
2022-04-19 23:54:18.784 [main] INFO  org.javeriana.environmentReference.WeatherObject - Averages loaded:[7.3, 6.6, 5.7, 5.1, 4.5, 4.7, 5.3, 5.1, 4.3, 4.3, 5.0, 6.3]
2022-04-19 23:54:18.785 [main] INFO  org.javeriana.environmentReference.Radiation - Extraterrestrial loaded: [39.5, 39.3, 37.8, 34.6, 31.1, 29.1, 29.8, 32.8, 36.3, 38.5, 39.3, 39.4]
2022-04-19 23:54:18.785 [main] INFO  org.javeriana.environmentReference.Radiation - Short wave radiation: [29.625, 27.590753424657535, 24.207534246575342, 20.736301369863018, 17.360616438356164, 16.642808219178082, 18.267808219178082, 19.65753424657534, 19.76609589041096, 20.964041095890412, 23.28390410958904, 26.851369863013694]
2022-04-19 23:54:18.786 [main] INFO  org.javeriana.environmentReference.Radiation - Net short wave radiation: [22.81125, 21.244880136986303, 18.639801369863015, 15.966952054794524, 13.367674657534247, 12.814962328767123, 14.066212328767124, 15.136301369863013, 15.219893835616439, 16.14231164383562, 17.928606164383563, 20.675554794520544]
2022-04-19 23:54:18.786 [main] INFO  org.javeriana.environmentReference.Radiation - Clear sky radiation: [29.625, 29.474999999999998, 28.349999999999998, 25.950000000000003, 23.325000000000003, 21.825000000000003, 22.35, 24.599999999999998, 27.224999999999998, 28.875, 29.474999999999998, 29.549999999999997]
2022-04-19 23:54:18.786 [main] INFO  org.javeriana.environmentReference.Radiation - Net long wave radiation: [3.920218625782712, 3.5818983882151643, 3.1681250886068373, 2.8761818210560364, 2.584238553505236, 2.6815529760221692, 2.97349624357297, 2.856926450570415, 2.4702747504932163, 2.4542420137201697, 2.790366463425324, 3.414597584306323]
2022-04-19 23:54:18.787 [main] INFO  org.javeriana.environmentReference.Radiation - Net radiation: [18.891031374217288, 17.662981748771138, 15.471676281256178, 13.090770233738487, 10.783436104029011, 10.133409352744954, 11.092716085194153, 12.279374919292598, 12.749619085123223, 13.68806963011545, 15.13823970095824, 17.260957210214222]
2022-04-19 23:54:18.787 [main] INFO  org.javeriana.environmentReference.Atmospheric - Atmospheric pressure: 101.14642606935868
2022-04-19 23:54:18.787 [main] INFO  org.javeriana.environmentReference.Atmospheric - Psychrometric constant: 0.06726237333612352
2022-04-19 23:54:18.788 [main] INFO  org.javeriana.environmentReference.SoilHeatFlux - Soil heat flux from temperature averages: [0.0, 0.05599999999999981, 0.04200000000000011, 0.0140000000000002, -0.035, -0.008400000000000319, -0.0013999999999997216, -0.01680000000000014, -0.04339999999999983, -0.04759999999999998, 0.016799999999999645, 0.0070000000000001]
2022-04-19 23:54:18.790 [main] INFO  org.javeriana.environmentReference.EvapotranspirationReference - Evapotranspiration reference from climatic data: [5.882375739237345, 5.5118941343350585, 4.91745751336755, 4.24063303580995, 3.5933612538355377, 3.3992067113069955, 3.673031643693708, 3.998544652893136, 4.142436271900069, 4.39088592301466, 4.782088834758569, 5.3850665910150814]
2022-04-19 23:58:29.307 [main] INFO  org.javeriana.environmentReference.WeatherObject - Averages loaded:[27.3, 27.7, 28.0, 28.1, 27.85, 27.79, 27.78, 27.66, 27.35, 27.01, 27.13, 27.18]
2022-04-19 23:58:29.313 [main] INFO  org.javeriana.environmentReference.Temperature - Saturation pressure value: 3.675
2022-04-19 23:58:29.313 [main] INFO  org.javeriana.environmentReference.Temperature - Mean saturation vapour pressure: [3.67, 3.67, 3.78, 3.78, 3.78, 3.78, 3.78, 3.67, 3.67, 3.57, 3.57, 3.57]
2022-04-19 23:58:29.314 [main] INFO  org.javeriana.environmentReference.Temperature - Slope of saturation vapour pressure curve: [0.2148119010768832, 0.214163901744393, 0.2200843969141321, 0.2199185770692628, 0.2203334785468459, 0.22043322961108416, 0.22044986137413483, 0.21422856963916886, 0.21473074044623808, 0.2094175048465407, 0.20922747800781138, 0.20914837648756096]
2022-04-19 23:58:29.315 [main] INFO  org.javeriana.environmentReference.WeatherObject - Averages loaded:[80.0, 78.0, 78.0, 80.0, 83.0, 84.0, 83.0, 84.0, 85.0, 85.0, 85.0, 83.0]
2022-04-19 23:58:29.316 [main] INFO  org.javeriana.environmentReference.RelativeHumidity - Actual vapour pressure: [2.936, 2.8626, 2.9484, 3.024, 3.1373999999999995, 3.1752, 3.1373999999999995, 3.0827999999999998, 3.1195, 3.0345, 3.0345, 2.9631]
2022-04-19 23:58:29.316 [main] INFO  org.javeriana.environmentReference.RelativeHumidity - Actual vapour pressure value: 2.99145
2022-04-19 23:58:29.318 [main] INFO  org.javeriana.environmentReference.WeatherObject - Averages loaded:[7.3, 6.6, 5.7, 5.1, 4.5, 4.7, 5.3, 5.1, 4.3, 4.3, 5.0, 6.3]
2022-04-19 23:58:29.318 [main] INFO  org.javeriana.environmentReference.Radiation - Extraterrestrial loaded: [39.5, 39.3, 37.8, 34.6, 31.1, 29.1, 29.8, 32.8, 36.3, 38.5, 39.3, 39.4]
2022-04-19 23:58:29.318 [main] INFO  org.javeriana.environmentReference.Radiation - Short wave radiation: [29.625, 27.590753424657535, 24.207534246575342, 20.736301369863018, 17.360616438356164, 16.642808219178082, 18.267808219178082, 19.65753424657534, 19.76609589041096, 20.964041095890412, 23.28390410958904, 26.851369863013694]
2022-04-19 23:58:29.319 [main] INFO  org.javeriana.environmentReference.Radiation - Net short wave radiation: [22.81125, 21.244880136986303, 18.639801369863015, 15.966952054794524, 13.367674657534247, 12.814962328767123, 14.066212328767124, 15.136301369863013, 15.219893835616439, 16.14231164383562, 17.928606164383563, 20.675554794520544]
2022-04-19 23:58:29.319 [main] INFO  org.javeriana.environmentReference.Radiation - Clear sky radiation: [29.625, 29.474999999999998, 28.349999999999998, 25.950000000000003, 23.325000000000003, 21.825000000000003, 22.35, 24.599999999999998, 27.224999999999998, 28.875, 29.474999999999998, 29.549999999999997]
2022-04-19 23:58:29.319 [main] INFO  org.javeriana.environmentReference.Radiation - Net long wave radiation: [3.920218625782712, 3.5818983882151643, 3.1681250886068373, 2.8761818210560364, 2.584238553505236, 2.6815529760221692, 2.97349624357297, 2.856926450570415, 2.4702747504932163, 2.4542420137201697, 2.790366463425324, 3.414597584306323]
2022-04-19 23:58:29.320 [main] INFO  org.javeriana.environmentReference.Radiation - Net radiation: [18.891031374217288, 17.662981748771138, 15.471676281256178, 13.090770233738487, 10.783436104029011, 10.133409352744954, 11.092716085194153, 12.279374919292598, 12.749619085123223, 13.68806963011545, 15.13823970095824, 17.260957210214222]
2022-04-19 23:58:29.320 [main] INFO  org.javeriana.environmentReference.Atmospheric - Atmospheric pressure: 101.14642606935868
2022-04-19 23:58:29.321 [main] INFO  org.javeriana.environmentReference.Atmospheric - Psychrometric constant: 0.06726237333612352
2022-04-19 23:58:29.321 [main] INFO  org.javeriana.environmentReference.SoilHeatFlux - Soil heat flux from temperature averages: [0.0, 0.05599999999999981, 0.04200000000000011, 0.0140000000000002, -0.035, -0.008400000000000319, -0.0013999999999997216, -0.01680000000000014, -0.04339999999999983, -0.04759999999999998, 0.016799999999999645, 0.0070000000000001]
2022-04-19 23:58:29.323 [main] INFO  org.javeriana.environmentReference.EvapotranspirationReference - Evapotranspiration reference from climatic data: [5.882375739237345, 5.5118941343350585, 4.91745751336755, 4.24063303580995, 3.5933612538355377, 3.3992067113069955, 3.673031643693708, 3.998544652893136, 4.142436271900069, 4.39088592301466, 4.782088834758569, 5.3850665910150814]
2022-04-19 23:58:33.791 [main] INFO  org.javeriana.environmentReference.WeatherObject - Averages loaded:[27.3, 27.7, 28.0, 28.1, 27.85, 27.79, 27.78, 27.66, 27.35, 27.01, 27.13, 27.18]
2022-04-19 23:58:33.797 [main] INFO  org.javeriana.environmentReference.Temperature - Saturation pressure value: 3.675
2022-04-19 23:58:33.797 [main] INFO  org.javeriana.environmentReference.Temperature - Mean saturation vapour pressure: [3.67, 3.67, 3.78, 3.78, 3.78, 3.78, 3.78, 3.67, 3.67, 3.57, 3.57, 3.57]
2022-04-19 23:58:33.798 [main] INFO  org.javeriana.environmentReference.Temperature - Slope of saturation vapour pressure curve: [0.2148119010768832, 0.214163901744393, 0.2200843969141321, 0.2199185770692628, 0.2203334785468459, 0.22043322961108416, 0.22044986137413483, 0.21422856963916886, 0.21473074044623808, 0.2094175048465407, 0.20922747800781138, 0.20914837648756096]
2022-04-19 23:58:33.798 [main] INFO  org.javeriana.environmentReference.WeatherObject - Averages loaded:[80.0, 78.0, 78.0, 80.0, 83.0, 84.0, 83.0, 84.0, 85.0, 85.0, 85.0, 83.0]
2022-04-19 23:58:33.799 [main] INFO  org.javeriana.environmentReference.RelativeHumidity - Actual vapour pressure: [2.936, 2.8626, 2.9484, 3.024, 3.1373999999999995, 3.1752, 3.1373999999999995, 3.0827999999999998, 3.1195, 3.0345, 3.0345, 2.9631]
2022-04-19 23:58:33.800 [main] INFO  org.javeriana.environmentReference.RelativeHumidity - Actual vapour pressure value: 2.99145
2022-04-19 23:58:33.801 [main] INFO  org.javeriana.environmentReference.WeatherObject - Averages loaded:[7.3, 6.6, 5.7, 5.1, 4.5, 4.7, 5.3, 5.1, 4.3, 4.3, 5.0, 6.3]
2022-04-19 23:58:33.802 [main] INFO  org.javeriana.environmentReference.Radiation - Extraterrestrial loaded: [39.5, 39.3, 37.8, 34.6, 31.1, 29.1, 29.8, 32.8, 36.3, 38.5, 39.3, 39.4]
2022-04-19 23:58:33.802 [main] INFO  org.javeriana.environmentReference.Radiation - Short wave radiation: [29.625, 27.590753424657535, 24.207534246575342, 20.736301369863018, 17.360616438356164, 16.642808219178082, 18.267808219178082, 19.65753424657534, 19.76609589041096, 20.964041095890412, 23.28390410958904, 26.851369863013694]
2022-04-19 23:58:33.803 [main] INFO  org.javeriana.environmentReference.Radiation - Net short wave radiation: [22.81125, 21.244880136986303, 18.639801369863015, 15.966952054794524, 13.367674657534247, 12.814962328767123, 14.066212328767124, 15.136301369863013, 15.219893835616439, 16.14231164383562, 17.928606164383563, 20.675554794520544]
2022-04-19 23:58:33.803 [main] INFO  org.javeriana.environmentReference.Radiation - Clear sky radiation: [29.625, 29.474999999999998, 28.349999999999998, 25.950000000000003, 23.325000000000003, 21.825000000000003, 22.35, 24.599999999999998, 27.224999999999998, 28.875, 29.474999999999998, 29.549999999999997]
2022-04-19 23:58:33.803 [main] INFO  org.javeriana.environmentReference.Radiation - Net long wave radiation: [3.920218625782712, 3.5818983882151643, 3.1681250886068373, 2.8761818210560364, 2.584238553505236, 2.6815529760221692, 2.97349624357297, 2.856926450570415, 2.4702747504932163, 2.4542420137201697, 2.790366463425324, 3.414597584306323]
2022-04-19 23:58:33.804 [main] INFO  org.javeriana.environmentReference.Radiation - Net radiation: [18.891031374217288, 17.662981748771138, 15.471676281256178, 13.090770233738487, 10.783436104029011, 10.133409352744954, 11.092716085194153, 12.279374919292598, 12.749619085123223, 13.68806963011545, 15.13823970095824, 17.260957210214222]
2022-04-19 23:58:33.804 [main] INFO  org.javeriana.environmentReference.Atmospheric - Atmospheric pressure: 101.14642606935868
2022-04-19 23:58:33.804 [main] INFO  org.javeriana.environmentReference.Atmospheric - Psychrometric constant: 0.06726237333612352
2022-04-19 23:58:33.805 [main] INFO  org.javeriana.environmentReference.SoilHeatFlux - Soil heat flux from temperature averages: [0.0, 0.05599999999999981, 0.04200000000000011, 0.0140000000000002, -0.035, -0.008400000000000319, -0.0013999999999997216, -0.01680000000000014, -0.04339999999999983, -0.04759999999999998, 0.016799999999999645, 0.0070000000000001]
2022-04-19 23:58:33.807 [main] INFO  org.javeriana.environmentReference.EvapotranspirationReference - Evapotranspiration reference from climatic data: [5.882375739237345, 5.5118941343350585, 4.91745751336755, 4.24063303580995, 3.5933612538355377, 3.3992067113069955, 3.673031643693708, 3.998544652893136, 4.142436271900069, 4.39088592301466, 4.782088834758569, 5.3850665910150814]
