2022-04-15 18:28:54.121 [main] INFO  org.javeriana.environment_reference.Radiation - Extraterrestrial loaded: [D@3fa247d1
2022-04-15 18:28:54.124 [main] INFO  org.javeriana.environment_reference.WeatherObject - File: radiation.data loaded!
2022-04-15 18:29:17.285 [main] INFO  org.javeriana.environment_reference.Radiation - Extraterrestrial loaded: [D@3fa247d1
2022-04-15 18:29:17.287 [main] INFO  org.javeriana.environment_reference.WeatherObject - File: radiation.data loaded!
2022-04-15 18:29:47.360 [main] INFO  org.javeriana.environment_reference.Radiation - Extraterrestrial loaded: 12
2022-04-15 18:29:47.363 [main] INFO  org.javeriana.environment_reference.WeatherObject - File: radiation.data loaded!
2022-04-15 18:30:34.117 [main] INFO  org.javeriana.environment_reference.Radiation - Extraterrestrial loaded: [39.5, 39.3, 37.8, 34.6, 31.1, 29.1, 29.8, 32.8, 36.3, 38.5, 39.3, 39.4]
2022-04-15 18:30:34.119 [main] INFO  org.javeriana.environment_reference.WeatherObject - File: radiation.data loaded!
2022-04-15 18:55:18.862 [main] INFO  org.javeriana.environment_reference.Radiation - Extraterrestrial loaded: [39.5, 39.3, 37.8, 34.6, 31.1, 29.1, 29.8, 32.8, 36.3, 38.5, 39.3, 39.4]
2022-04-15 18:55:18.864 [main] INFO  org.javeriana.environment_reference.WeatherObject - File: radiation.data loaded!
2022-04-15 18:55:18.867 [main] INFO  org.javeriana.environment_reference.Radiation - Short wave radiation: [29.625, 9.825, 9.45, 8.65, 7.775, 7.275, 7.45, 8.2, 9.075, 9.625, 9.825, 9.85]
2022-04-15 19:00:18.123 [main] INFO  org.javeriana.environment_reference.Radiation - Extraterrestrial loaded: [39.5, 39.3, 37.8, 34.6, 31.1, 29.1, 29.8, 32.8, 36.3, 38.5, 39.3, 39.4]
2022-04-15 19:00:18.125 [main] INFO  org.javeriana.environment_reference.WeatherObject - File: radiation.data loaded!
2022-04-15 19:00:18.128 [main] INFO  org.javeriana.environment_reference.Radiation - averages max: 6.81
2022-04-15 19:00:18.128 [main] INFO  org.javeriana.environment_reference.Radiation - averages current: 6.81
2022-04-15 19:00:18.128 [main] INFO  org.javeriana.environment_reference.Radiation - averages max: 6.81
2022-04-15 19:00:18.129 [main] INFO  org.javeriana.environment_reference.Radiation - averages current: 0.0
2022-04-15 19:00:18.129 [main] INFO  org.javeriana.environment_reference.Radiation - averages max: 6.81
2022-04-15 19:00:18.129 [main] INFO  org.javeriana.environment_reference.Radiation - averages current: 0.0
2022-04-15 19:00:18.129 [main] INFO  org.javeriana.environment_reference.Radiation - averages max: 6.81
2022-04-15 19:00:18.129 [main] INFO  org.javeriana.environment_reference.Radiation - averages current: 0.0
2022-04-15 19:00:18.129 [main] INFO  org.javeriana.environment_reference.Radiation - averages max: 6.81
2022-04-15 19:00:18.129 [main] INFO  org.javeriana.environment_reference.Radiation - averages current: 0.0
2022-04-15 19:00:18.129 [main] INFO  org.javeriana.environment_reference.Radiation - averages max: 6.81
2022-04-15 19:00:18.129 [main] INFO  org.javeriana.environment_reference.Radiation - averages current: 0.0
2022-04-15 19:00:18.129 [main] INFO  org.javeriana.environment_reference.Radiation - averages max: 6.81
2022-04-15 19:00:18.129 [main] INFO  org.javeriana.environment_reference.Radiation - averages current: 0.0
2022-04-15 19:00:18.129 [main] INFO  org.javeriana.environment_reference.Radiation - averages max: 6.81
2022-04-15 19:00:18.130 [main] INFO  org.javeriana.environment_reference.Radiation - averages current: 0.0
2022-04-15 19:00:18.130 [main] INFO  org.javeriana.environment_reference.Radiation - averages max: 6.81
2022-04-15 19:00:18.130 [main] INFO  org.javeriana.environment_reference.Radiation - averages current: 0.0
2022-04-15 19:00:18.130 [main] INFO  org.javeriana.environment_reference.Radiation - averages max: 6.81
2022-04-15 19:00:18.130 [main] INFO  org.javeriana.environment_reference.Radiation - averages current: 0.0
2022-04-15 19:00:18.130 [main] INFO  org.javeriana.environment_reference.Radiation - averages max: 6.81
2022-04-15 19:00:18.130 [main] INFO  org.javeriana.environment_reference.Radiation - averages current: 0.0
2022-04-15 19:00:18.130 [main] INFO  org.javeriana.environment_reference.Radiation - averages max: 6.81
2022-04-15 19:00:18.130 [main] INFO  org.javeriana.environment_reference.Radiation - averages current: 0.0
2022-04-15 19:00:18.130 [main] INFO  org.javeriana.environment_reference.Radiation - Short wave radiation: [29.625, 9.825, 9.45, 8.65, 7.775, 7.275, 7.45, 8.2, 9.075, 9.625, 9.825, 9.85]
2022-04-15 19:01:49.956 [main] INFO  org.javeriana.environment_reference.Radiation - Extraterrestrial loaded: [39.5, 39.3, 37.8, 34.6, 31.1, 29.1, 29.8, 32.8, 36.3, 38.5, 39.3, 39.4]
2022-04-15 19:01:49.958 [main] INFO  org.javeriana.environment_reference.WeatherObject - File: radiation.data loaded!
2022-04-15 19:01:49.960 [main] INFO  org.javeriana.environment_reference.Radiation - averages
2022-04-15 19:01:49.961 [main] INFO  org.javeriana.environment_reference.Radiation - averages max: 6.81
2022-04-15 19:01:49.961 [main] INFO  org.javeriana.environment_reference.Radiation - averages current: 6.81
2022-04-15 19:01:49.961 [main] INFO  org.javeriana.environment_reference.Radiation - averages max: 6.81
2022-04-15 19:01:49.961 [main] INFO  org.javeriana.environment_reference.Radiation - averages current: 0.0
2022-04-15 19:01:49.961 [main] INFO  org.javeriana.environment_reference.Radiation - averages max: 6.81
2022-04-15 19:01:49.962 [main] INFO  org.javeriana.environment_reference.Radiation - averages current: 0.0
2022-04-15 19:01:49.962 [main] INFO  org.javeriana.environment_reference.Radiation - averages max: 6.81
2022-04-15 19:01:49.962 [main] INFO  org.javeriana.environment_reference.Radiation - averages current: 0.0
2022-04-15 19:01:49.962 [main] INFO  org.javeriana.environment_reference.Radiation - averages max: 6.81
2022-04-15 19:01:49.962 [main] INFO  org.javeriana.environment_reference.Radiation - averages current: 0.0
2022-04-15 19:01:49.962 [main] INFO  org.javeriana.environment_reference.Radiation - averages max: 6.81
2022-04-15 19:01:49.962 [main] INFO  org.javeriana.environment_reference.Radiation - averages current: 0.0
2022-04-15 19:01:49.962 [main] INFO  org.javeriana.environment_reference.Radiation - averages max: 6.81
2022-04-15 19:01:49.962 [main] INFO  org.javeriana.environment_reference.Radiation - averages current: 0.0
2022-04-15 19:01:49.962 [main] INFO  org.javeriana.environment_reference.Radiation - averages max: 6.81
2022-04-15 19:01:49.962 [main] INFO  org.javeriana.environment_reference.Radiation - averages current: 0.0
2022-04-15 19:01:49.962 [main] INFO  org.javeriana.environment_reference.Radiation - averages max: 6.81
2022-04-15 19:01:49.962 [main] INFO  org.javeriana.environment_reference.Radiation - averages current: 0.0
2022-04-15 19:01:49.962 [main] INFO  org.javeriana.environment_reference.Radiation - averages max: 6.81
2022-04-15 19:01:49.963 [main] INFO  org.javeriana.environment_reference.Radiation - averages current: 0.0
2022-04-15 19:01:49.963 [main] INFO  org.javeriana.environment_reference.Radiation - averages max: 6.81
2022-04-15 19:01:49.963 [main] INFO  org.javeriana.environment_reference.Radiation - averages current: 0.0
2022-04-15 19:01:49.963 [main] INFO  org.javeriana.environment_reference.Radiation - averages max: 6.81
2022-04-15 19:01:49.963 [main] INFO  org.javeriana.environment_reference.Radiation - averages current: 0.0
2022-04-15 19:01:49.963 [main] INFO  org.javeriana.environment_reference.Radiation - Short wave radiation: [29.625, 9.825, 9.45, 8.65, 7.775, 7.275, 7.45, 8.2, 9.075, 9.625, 9.825, 9.85]
2022-04-15 19:03:14.415 [main] INFO  org.javeriana.environment_reference.WeatherObject - File: radiation.data loaded!
2022-04-15 19:03:14.418 [main] INFO  org.javeriana.environment_reference.Radiation - Extraterrestrial loaded: [39.5, 39.3, 37.8, 34.6, 31.1, 29.1, 29.8, 32.8, 36.3, 38.5, 39.3, 39.4]
2022-04-15 19:03:14.420 [main] INFO  org.javeriana.environment_reference.Radiation - averages
2022-04-15 19:03:14.422 [main] INFO  org.javeriana.environment_reference.Radiation - averages max: 6.81
2022-04-15 19:03:14.422 [main] INFO  org.javeriana.environment_reference.Radiation - averages current: 6.81
2022-04-15 19:03:14.422 [main] INFO  org.javeriana.environment_reference.Radiation - averages max: 6.81
2022-04-15 19:03:14.422 [main] INFO  org.javeriana.environment_reference.Radiation - averages current: 0.0
2022-04-15 19:03:14.422 [main] INFO  org.javeriana.environment_reference.Radiation - averages max: 6.81
2022-04-15 19:03:14.422 [main] INFO  org.javeriana.environment_reference.Radiation - averages current: 0.0
2022-04-15 19:03:14.422 [main] INFO  org.javeriana.environment_reference.Radiation - averages max: 6.81
2022-04-15 19:03:14.422 [main] INFO  org.javeriana.environment_reference.Radiation - averages current: 0.0
2022-04-15 19:03:14.422 [main] INFO  org.javeriana.environment_reference.Radiation - averages max: 6.81
2022-04-15 19:03:14.422 [main] INFO  org.javeriana.environment_reference.Radiation - averages current: 0.0
2022-04-15 19:03:14.422 [main] INFO  org.javeriana.environment_reference.Radiation - averages max: 6.81
2022-04-15 19:03:14.422 [main] INFO  org.javeriana.environment_reference.Radiation - averages current: 0.0
2022-04-15 19:03:14.422 [main] INFO  org.javeriana.environment_reference.Radiation - averages max: 6.81
2022-04-15 19:03:14.423 [main] INFO  org.javeriana.environment_reference.Radiation - averages current: 0.0
2022-04-15 19:03:14.423 [main] INFO  org.javeriana.environment_reference.Radiation - averages max: 6.81
2022-04-15 19:03:14.423 [main] INFO  org.javeriana.environment_reference.Radiation - averages current: 0.0
2022-04-15 19:03:14.423 [main] INFO  org.javeriana.environment_reference.Radiation - averages max: 6.81
2022-04-15 19:03:14.423 [main] INFO  org.javeriana.environment_reference.Radiation - averages current: 0.0
2022-04-15 19:03:14.423 [main] INFO  org.javeriana.environment_reference.Radiation - averages max: 6.81
2022-04-15 19:03:14.423 [main] INFO  org.javeriana.environment_reference.Radiation - averages current: 0.0
2022-04-15 19:03:14.423 [main] INFO  org.javeriana.environment_reference.Radiation - averages max: 6.81
2022-04-15 19:03:14.423 [main] INFO  org.javeriana.environment_reference.Radiation - averages current: 0.0
2022-04-15 19:03:14.423 [main] INFO  org.javeriana.environment_reference.Radiation - averages max: 6.81
2022-04-15 19:03:14.423 [main] INFO  org.javeriana.environment_reference.Radiation - averages current: 0.0
2022-04-15 19:03:14.423 [main] INFO  org.javeriana.environment_reference.Radiation - Short wave radiation: [29.625, 9.825, 9.45, 8.65, 7.775, 7.275, 7.45, 8.2, 9.075, 9.625, 9.825, 9.85]
2022-04-15 19:05:15.416 [main] INFO  org.javeriana.environment_reference.WeatherObject - File: radiation.data loaded!
2022-04-15 19:05:15.419 [main] INFO  org.javeriana.environment_reference.Radiation - averages
2022-04-15 19:05:15.420 [main] INFO  org.javeriana.environment_reference.Radiation - Extraterrestrial loaded: [39.5, 39.3, 37.8, 34.6, 31.1, 29.1, 29.8, 32.8, 36.3, 38.5, 39.3, 39.4]
2022-04-15 19:05:15.423 [main] INFO  org.javeriana.environment_reference.Radiation - averages max: 6.81
2022-04-15 19:05:15.423 [main] INFO  org.javeriana.environment_reference.Radiation - averages current: 6.81
2022-04-15 19:05:15.423 [main] INFO  org.javeriana.environment_reference.Radiation - averages max: 6.81
2022-04-15 19:05:15.423 [main] INFO  org.javeriana.environment_reference.Radiation - averages current: 0.0
2022-04-15 19:05:15.423 [main] INFO  org.javeriana.environment_reference.Radiation - averages max: 6.81
2022-04-15 19:05:15.423 [main] INFO  org.javeriana.environment_reference.Radiation - averages current: 0.0
2022-04-15 19:05:15.423 [main] INFO  org.javeriana.environment_reference.Radiation - averages max: 6.81
2022-04-15 19:05:15.423 [main] INFO  org.javeriana.environment_reference.Radiation - averages current: 0.0
2022-04-15 19:05:15.423 [main] INFO  org.javeriana.environment_reference.Radiation - averages max: 6.81
2022-04-15 19:05:15.423 [main] INFO  org.javeriana.environment_reference.Radiation - averages current: 0.0
2022-04-15 19:05:15.423 [main] INFO  org.javeriana.environment_reference.Radiation - averages max: 6.81
2022-04-15 19:05:15.423 [main] INFO  org.javeriana.environment_reference.Radiation - averages current: 0.0
2022-04-15 19:05:15.423 [main] INFO  org.javeriana.environment_reference.Radiation - averages max: 6.81
2022-04-15 19:05:15.424 [main] INFO  org.javeriana.environment_reference.Radiation - averages current: 0.0
2022-04-15 19:05:15.424 [main] INFO  org.javeriana.environment_reference.Radiation - averages max: 6.81
2022-04-15 19:05:15.424 [main] INFO  org.javeriana.environment_reference.Radiation - averages current: 0.0
2022-04-15 19:05:15.424 [main] INFO  org.javeriana.environment_reference.Radiation - averages max: 6.81
2022-04-15 19:05:15.424 [main] INFO  org.javeriana.environment_reference.Radiation - averages current: 0.0
2022-04-15 19:05:15.424 [main] INFO  org.javeriana.environment_reference.Radiation - averages max: 6.81
2022-04-15 19:05:15.424 [main] INFO  org.javeriana.environment_reference.Radiation - averages current: 0.0
2022-04-15 19:05:15.424 [main] INFO  org.javeriana.environment_reference.Radiation - averages max: 6.81
2022-04-15 19:05:15.424 [main] INFO  org.javeriana.environment_reference.Radiation - averages current: 0.0
2022-04-15 19:05:15.424 [main] INFO  org.javeriana.environment_reference.Radiation - averages max: 6.81
2022-04-15 19:05:15.424 [main] INFO  org.javeriana.environment_reference.Radiation - averages current: 0.0
2022-04-15 19:05:15.424 [main] INFO  org.javeriana.environment_reference.Radiation - Short wave radiation: [29.625, 9.825, 9.45, 8.65, 7.775, 7.275, 7.45, 8.2, 9.075, 9.625, 9.825, 9.85]
2022-04-15 19:06:53.055 [main] INFO  org.javeriana.environment_reference.WeatherObject - line:8.01
2022-04-15 19:06:53.057 [main] INFO  org.javeriana.environment_reference.WeatherObject - line:7.25
2022-04-15 19:06:53.058 [main] INFO  org.javeriana.environment_reference.WeatherObject - line:6.05
2022-04-15 19:06:53.058 [main] INFO  org.javeriana.environment_reference.WeatherObject - line:5.34
2022-04-15 19:06:53.058 [main] INFO  org.javeriana.environment_reference.WeatherObject - line:4.47
2022-04-15 19:06:53.058 [main] INFO  org.javeriana.environment_reference.WeatherObject - line:4.73
2022-04-15 19:06:53.058 [main] INFO  org.javeriana.environment_reference.WeatherObject - line:5.41
2022-04-15 19:06:53.058 [main] INFO  org.javeriana.environment_reference.WeatherObject - line:5.06
2022-04-15 19:06:53.058 [main] INFO  org.javeriana.environment_reference.WeatherObject - line:4.19
2022-04-15 19:06:53.058 [main] INFO  org.javeriana.environment_reference.WeatherObject - line:4.21
2022-04-15 19:06:53.058 [main] INFO  org.javeriana.environment_reference.WeatherObject - line:4.87
2022-04-15 19:06:53.058 [main] INFO  org.javeriana.environment_reference.WeatherObject - line:6.81
2022-04-15 19:06:53.058 [main] INFO  org.javeriana.environment_reference.WeatherObject - File: radiation.data loaded!
2022-04-15 19:06:53.059 [main] INFO  org.javeriana.environment_reference.Radiation - Extraterrestrial loaded: [39.5, 39.3, 37.8, 34.6, 31.1, 29.1, 29.8, 32.8, 36.3, 38.5, 39.3, 39.4]
2022-04-15 19:06:53.062 [main] INFO  org.javeriana.environment_reference.Radiation - averages max: 6.81
2022-04-15 19:06:53.062 [main] INFO  org.javeriana.environment_reference.Radiation - averages current: 6.81
2022-04-15 19:06:53.062 [main] INFO  org.javeriana.environment_reference.Radiation - averages max: 6.81
2022-04-15 19:06:53.062 [main] INFO  org.javeriana.environment_reference.Radiation - averages current: 0.0
2022-04-15 19:06:53.062 [main] INFO  org.javeriana.environment_reference.Radiation - averages max: 6.81
2022-04-15 19:06:53.062 [main] INFO  org.javeriana.environment_reference.Radiation - averages current: 0.0
2022-04-15 19:06:53.062 [main] INFO  org.javeriana.environment_reference.Radiation - averages max: 6.81
2022-04-15 19:06:53.062 [main] INFO  org.javeriana.environment_reference.Radiation - averages current: 0.0
2022-04-15 19:06:53.062 [main] INFO  org.javeriana.environment_reference.Radiation - averages max: 6.81
2022-04-15 19:06:53.063 [main] INFO  org.javeriana.environment_reference.Radiation - averages current: 0.0
2022-04-15 19:06:53.063 [main] INFO  org.javeriana.environment_reference.Radiation - averages max: 6.81
2022-04-15 19:06:53.063 [main] INFO  org.javeriana.environment_reference.Radiation - averages current: 0.0
2022-04-15 19:06:53.063 [main] INFO  org.javeriana.environment_reference.Radiation - averages max: 6.81
2022-04-15 19:06:53.063 [main] INFO  org.javeriana.environment_reference.Radiation - averages current: 0.0
2022-04-15 19:06:53.063 [main] INFO  org.javeriana.environment_reference.Radiation - averages max: 6.81
2022-04-15 19:06:53.063 [main] INFO  org.javeriana.environment_reference.Radiation - averages current: 0.0
2022-04-15 19:06:53.063 [main] INFO  org.javeriana.environment_reference.Radiation - averages max: 6.81
2022-04-15 19:06:53.063 [main] INFO  org.javeriana.environment_reference.Radiation - averages current: 0.0
2022-04-15 19:06:53.063 [main] INFO  org.javeriana.environment_reference.Radiation - averages max: 6.81
2022-04-15 19:06:53.063 [main] INFO  org.javeriana.environment_reference.Radiation - averages current: 0.0
2022-04-15 19:06:53.063 [main] INFO  org.javeriana.environment_reference.Radiation - averages max: 6.81
2022-04-15 19:06:53.063 [main] INFO  org.javeriana.environment_reference.Radiation - averages current: 0.0
2022-04-15 19:06:53.064 [main] INFO  org.javeriana.environment_reference.Radiation - averages max: 6.81
2022-04-15 19:06:53.064 [main] INFO  org.javeriana.environment_reference.Radiation - averages current: 0.0
2022-04-15 19:06:53.064 [main] INFO  org.javeriana.environment_reference.Radiation - Short wave radiation: [29.625, 9.825, 9.45, 8.65, 7.775, 7.275, 7.45, 8.2, 9.075, 9.625, 9.825, 9.85]
2022-04-15 19:08:19.867 [main] INFO  org.javeriana.environment_reference.WeatherObject - arr:[6.81, 0.0, 0.0, 0.0, 0.0, 0.0, 0.0, 0.0, 0.0, 0.0, 0.0, 0.0]
2022-04-15 19:08:19.868 [main] INFO  org.javeriana.environment_reference.WeatherObject - File: radiation.data loaded!
2022-04-15 19:08:19.869 [main] INFO  org.javeriana.environment_reference.Radiation - Extraterrestrial loaded: [39.5, 39.3, 37.8, 34.6, 31.1, 29.1, 29.8, 32.8, 36.3, 38.5, 39.3, 39.4]
2022-04-15 19:08:19.871 [main] INFO  org.javeriana.environment_reference.Radiation - averages max: 6.81
2022-04-15 19:08:19.871 [main] INFO  org.javeriana.environment_reference.Radiation - averages current: 6.81
2022-04-15 19:08:19.871 [main] INFO  org.javeriana.environment_reference.Radiation - averages max: 6.81
2022-04-15 19:08:19.872 [main] INFO  org.javeriana.environment_reference.Radiation - averages current: 0.0
2022-04-15 19:08:19.872 [main] INFO  org.javeriana.environment_reference.Radiation - averages max: 6.81
2022-04-15 19:08:19.872 [main] INFO  org.javeriana.environment_reference.Radiation - averages current: 0.0
2022-04-15 19:08:19.872 [main] INFO  org.javeriana.environment_reference.Radiation - averages max: 6.81
2022-04-15 19:08:19.872 [main] INFO  org.javeriana.environment_reference.Radiation - averages current: 0.0
2022-04-15 19:08:19.872 [main] INFO  org.javeriana.environment_reference.Radiation - averages max: 6.81
2022-04-15 19:08:19.872 [main] INFO  org.javeriana.environment_reference.Radiation - averages current: 0.0
2022-04-15 19:08:19.872 [main] INFO  org.javeriana.environment_reference.Radiation - averages max: 6.81
2022-04-15 19:08:19.872 [main] INFO  org.javeriana.environment_reference.Radiation - averages current: 0.0
2022-04-15 19:08:19.872 [main] INFO  org.javeriana.environment_reference.Radiation - averages max: 6.81
2022-04-15 19:08:19.872 [main] INFO  org.javeriana.environment_reference.Radiation - averages current: 0.0
2022-04-15 19:08:19.872 [main] INFO  org.javeriana.environment_reference.Radiation - averages max: 6.81
2022-04-15 19:08:19.872 [main] INFO  org.javeriana.environment_reference.Radiation - averages current: 0.0
2022-04-15 19:08:19.872 [main] INFO  org.javeriana.environment_reference.Radiation - averages max: 6.81
2022-04-15 19:08:19.872 [main] INFO  org.javeriana.environment_reference.Radiation - averages current: 0.0
2022-04-15 19:08:19.873 [main] INFO  org.javeriana.environment_reference.Radiation - averages max: 6.81
2022-04-15 19:08:19.873 [main] INFO  org.javeriana.environment_reference.Radiation - averages current: 0.0
2022-04-15 19:08:19.873 [main] INFO  org.javeriana.environment_reference.Radiation - averages max: 6.81
2022-04-15 19:08:19.873 [main] INFO  org.javeriana.environment_reference.Radiation - averages current: 0.0
2022-04-15 19:08:19.873 [main] INFO  org.javeriana.environment_reference.Radiation - averages max: 6.81
2022-04-15 19:08:19.873 [main] INFO  org.javeriana.environment_reference.Radiation - averages current: 0.0
2022-04-15 19:08:19.873 [main] INFO  org.javeriana.environment_reference.Radiation - Short wave radiation: [29.625, 9.825, 9.45, 8.65, 7.775, 7.275, 7.45, 8.2, 9.075, 9.625, 9.825, 9.85]
2022-04-15 19:09:10.733 [main] INFO  org.javeriana.environment_reference.WeatherObject - Averages loaded:[8.01, 7.25, 6.05, 5.34, 4.47, 4.73, 5.41, 5.06, 4.19, 4.21, 4.87, 6.81]
2022-04-15 19:09:10.735 [main] INFO  org.javeriana.environment_reference.Radiation - Extraterrestrial loaded: [39.5, 39.3, 37.8, 34.6, 31.1, 29.1, 29.8, 32.8, 36.3, 38.5, 39.3, 39.4]
2022-04-15 19:09:10.737 [main] INFO  org.javeriana.environment_reference.Radiation - averages max: 8.01
2022-04-15 19:09:10.737 [main] INFO  org.javeriana.environment_reference.Radiation - averages current: 8.01
2022-04-15 19:09:10.737 [main] INFO  org.javeriana.environment_reference.Radiation - averages max: 8.01
2022-04-15 19:09:10.738 [main] INFO  org.javeriana.environment_reference.Radiation - averages current: 7.25
2022-04-15 19:09:10.738 [main] INFO  org.javeriana.environment_reference.Radiation - averages max: 8.01
2022-04-15 19:09:10.738 [main] INFO  org.javeriana.environment_reference.Radiation - averages current: 6.05
2022-04-15 19:09:10.738 [main] INFO  org.javeriana.environment_reference.Radiation - averages max: 8.01
2022-04-15 19:09:10.738 [main] INFO  org.javeriana.environment_reference.Radiation - averages current: 5.34
2022-04-15 19:09:10.738 [main] INFO  org.javeriana.environment_reference.Radiation - averages max: 8.01
2022-04-15 19:09:10.738 [main] INFO  org.javeriana.environment_reference.Radiation - averages current: 4.47
2022-04-15 19:09:10.738 [main] INFO  org.javeriana.environment_reference.Radiation - averages max: 8.01
2022-04-15 19:09:10.738 [main] INFO  org.javeriana.environment_reference.Radiation - averages current: 4.73
2022-04-15 19:09:10.738 [main] INFO  org.javeriana.environment_reference.Radiation - averages max: 8.01
2022-04-15 19:09:10.738 [main] INFO  org.javeriana.environment_reference.Radiation - averages current: 5.41
2022-04-15 19:09:10.738 [main] INFO  org.javeriana.environment_reference.Radiation - averages max: 8.01
2022-04-15 19:09:10.738 [main] INFO  org.javeriana.environment_reference.Radiation - averages current: 5.06
2022-04-15 19:09:10.738 [main] INFO  org.javeriana.environment_reference.Radiation - averages max: 8.01
2022-04-15 19:09:10.739 [main] INFO  org.javeriana.environment_reference.Radiation - averages current: 4.19
2022-04-15 19:09:10.739 [main] INFO  org.javeriana.environment_reference.Radiation - averages max: 8.01
2022-04-15 19:09:10.739 [main] INFO  org.javeriana.environment_reference.Radiation - averages current: 4.21
2022-04-15 19:09:10.739 [main] INFO  org.javeriana.environment_reference.Radiation - averages max: 8.01
2022-04-15 19:09:10.739 [main] INFO  org.javeriana.environment_reference.Radiation - averages current: 4.87
2022-04-15 19:09:10.739 [main] INFO  org.javeriana.environment_reference.Radiation - averages max: 8.01
2022-04-15 19:09:10.739 [main] INFO  org.javeriana.environment_reference.Radiation - averages current: 6.81
2022-04-15 19:09:10.739 [main] INFO  org.javeriana.environment_reference.Radiation - Short wave radiation: [29.625, 27.610580524344567, 23.7252808988764, 20.18333333333333, 16.452715355805246, 15.866947565543073, 17.51354556803995, 18.560049937578025, 18.56919475655431, 19.74266541822722, 21.77200374531835, 26.59868913857678]
2022-04-15 19:22:17.634 [main] INFO  org.javeriana.environment_reference.WeatherObject - Averages loaded:[8.01, 7.25, 6.05, 5.34, 4.47, 4.73, 5.41, 5.06, 4.19, 4.21, 4.87, 6.81]
2022-04-15 19:22:17.637 [main] INFO  org.javeriana.environment_reference.Radiation - Extraterrestrial loaded: [39.5, 39.3, 37.8, 34.6, 31.1, 29.1, 29.8, 32.8, 36.3, 38.5, 39.3, 39.4]
2022-04-15 19:22:17.638 [main] INFO  org.javeriana.environment_reference.Radiation - Short wave radiation: [29.625, 27.610580524344567, 23.7252808988764, 20.18333333333333, 16.452715355805246, 15.866947565543073, 17.51354556803995, 18.560049937578025, 18.56919475655431, 19.74266541822722, 21.77200374531835, 26.59868913857678]
2022-04-15 19:22:17.639 [main] INFO  org.javeriana.environment_reference.Radiation - Clear sky radiation: [22.81125, 21.260147003745317, 18.26846629213483, 15.541166666666664, 12.66859082397004, 12.217549625468166, 13.485430087390762, 14.29123845193508, 14.29827996254682, 15.201852372034958, 16.764442883895132, 20.48099063670412]
2022-04-15 20:24:27.025 [main] INFO  org.javeriana.environment_reference.WeatherObject - Averages loaded:[27.3, 27.7, 28.0, 28.1, 27.85, 27.79, 27.78, 27.66, 27.35, 27.01, 27.13, 27.18]
2022-04-15 20:24:27.028 [main] INFO  org.javeriana.environment_reference.WeatherObject - Averages loaded:[0.8, 0.78, 0.78, 0.8, 0.83, 0.84, 0.83, 0.84, 0.85, 0.85, 0.85, 0.83]
2022-04-15 20:24:27.031 [main] INFO  org.javeriana.environment_reference.RelativeHumidity - Mean saturation vapour pressure:
2022-04-15 20:24:27.032 [main] INFO  org.javeriana.environment_reference.RelativeHumidity - Actual vapour pressure:
2022-04-15 20:24:27.034 [main] INFO  org.javeriana.environment_reference.WeatherObject - Averages loaded:[8.01, 7.25, 6.05, 5.34, 4.47, 4.73, 5.41, 5.06, 4.19, 4.21, 4.87, 6.81]
2022-04-15 20:24:27.034 [main] INFO  org.javeriana.environment_reference.Radiation - Extraterrestrial loaded: [39.5, 39.3, 37.8, 34.6, 31.1, 29.1, 29.8, 32.8, 36.3, 38.5, 39.3, 39.4]
2022-04-15 20:24:27.034 [main] INFO  org.javeriana.environment_reference.Radiation - Short wave radiation: [29.625, 27.610580524344567, 23.7252808988764, 20.18333333333333, 16.452715355805246, 15.866947565543073, 17.51354556803995, 18.560049937578025, 18.56919475655431, 19.74266541822722, 21.77200374531835, 26.59868913857678]
2022-04-15 20:24:27.035 [main] INFO  org.javeriana.environment_reference.Radiation - Net short wave radiation: [22.81125, 21.260147003745317, 18.26846629213483, 15.541166666666664, 12.66859082397004, 12.217549625468166, 13.485430087390762, 14.29123845193508, 14.29827996254682, 15.201852372034958, 16.764442883895132, 20.48099063670412]
2022-04-15 20:24:27.035 [main] INFO  org.javeriana.environment_reference.Radiation - Clear sky radiation: [29.625, 29.474999999999998, 28.349999999999998, 25.950000000000003, 23.325000000000003, 21.825000000000003, 22.35, 24.599999999999998, 27.224999999999998, 28.875, 29.474999999999998, 29.549999999999997]
2022-04-15 20:24:27.036 [main] INFO  org.javeriana.environment_reference.Radiation - Net long wave radiation: [10.961148578594933, 10.025140385366603, 8.547232711848183, 7.672804005016451, 6.601320941715603, 6.921534270977927, 7.759015285971695, 7.32795888119549, 6.256475817894639, 6.281107612453279, 7.0939568328884075, 9.483240905076517]
2022-04-15 20:30:07.074 [main] INFO  org.javeriana.environment_reference.WeatherObject - Averages loaded:[27.3, 27.7, 28.0, 28.1, 27.85, 27.79, 27.78, 27.66, 27.35, 27.01, 27.13, 27.18]
2022-04-15 20:30:07.078 [main] INFO  org.javeriana.environment_reference.WeatherObject - Averages loaded:[0.8, 0.78, 0.78, 0.8, 0.83, 0.84, 0.83, 0.84, 0.85, 0.85, 0.85, 0.83]
2022-04-15 20:30:07.081 [main] INFO  org.javeriana.environment_reference.RelativeHumidity - Mean saturation vapour pressure:
2022-04-15 20:30:07.082 [main] INFO  org.javeriana.environment_reference.RelativeHumidity - relativeHumidityMean0.8233333333333333
2022-04-15 20:30:07.082 [main] INFO  org.javeriana.environment_reference.RelativeHumidity - Actual vapour pressure:
2022-04-15 20:30:07.084 [main] INFO  org.javeriana.environment_reference.WeatherObject - Averages loaded:[8.01, 7.25, 6.05, 5.34, 4.47, 4.73, 5.41, 5.06, 4.19, 4.21, 4.87, 6.81]
2022-04-15 20:30:07.084 [main] INFO  org.javeriana.environment_reference.Radiation - Extraterrestrial loaded: [39.5, 39.3, 37.8, 34.6, 31.1, 29.1, 29.8, 32.8, 36.3, 38.5, 39.3, 39.4]
2022-04-15 20:30:07.084 [main] INFO  org.javeriana.environment_reference.Radiation - Short wave radiation: [29.625, 27.610580524344567, 23.7252808988764, 20.18333333333333, 16.452715355805246, 15.866947565543073, 17.51354556803995, 18.560049937578025, 18.56919475655431, 19.74266541822722, 21.77200374531835, 26.59868913857678]
2022-04-15 20:30:07.085 [main] INFO  org.javeriana.environment_reference.Radiation - Net short wave radiation: [22.81125, 21.260147003745317, 18.26846629213483, 15.541166666666664, 12.66859082397004, 12.217549625468166, 13.485430087390762, 14.29123845193508, 14.29827996254682, 15.201852372034958, 16.764442883895132, 20.48099063670412]
2022-04-15 20:30:07.085 [main] INFO  org.javeriana.environment_reference.Radiation - Clear sky radiation: [29.625, 29.474999999999998, 28.349999999999998, 25.950000000000003, 23.325000000000003, 21.825000000000003, 22.35, 24.599999999999998, 27.224999999999998, 28.875, 29.474999999999998, 29.549999999999997]
2022-04-15 20:30:07.086 [main] INFO  org.javeriana.environment_reference.Radiation - Net long wave radiation: [10.961148578594933, 10.025140385366603, 8.547232711848183, 7.672804005016451, 6.601320941715603, 6.921534270977927, 7.759015285971695, 7.32795888119549, 6.256475817894639, 6.281107612453279, 7.0939568328884075, 9.483240905076517]
2022-04-15 20:31:11.024 [main] INFO  org.javeriana.environment_reference.WeatherObject - Averages loaded:[27.3, 27.7, 28.0, 28.1, 27.85, 27.79, 27.78, 27.66, 27.35, 27.01, 27.13, 27.18]
2022-04-15 20:31:11.027 [main] INFO  org.javeriana.environment_reference.WeatherObject - Averages loaded:[0.8, 0.78, 0.78, 0.8, 0.83, 0.84, 0.83, 0.84, 0.85, 0.85, 0.85, 0.83]
2022-04-15 20:31:11.030 [main] INFO  org.javeriana.environment_reference.RelativeHumidity - Mean saturation vapour pressure:
2022-04-15 20:31:11.031 [main] INFO  org.javeriana.environment_reference.RelativeHumidity - Actual vapour pressure:
2022-04-15 20:31:11.033 [main] INFO  org.javeriana.environment_reference.WeatherObject - Averages loaded:[8.01, 7.25, 6.05, 5.34, 4.47, 4.73, 5.41, 5.06, 4.19, 4.21, 4.87, 6.81]
2022-04-15 20:31:11.033 [main] INFO  org.javeriana.environment_reference.Radiation - Extraterrestrial loaded: [39.5, 39.3, 37.8, 34.6, 31.1, 29.1, 29.8, 32.8, 36.3, 38.5, 39.3, 39.4]
2022-04-15 20:31:11.033 [main] INFO  org.javeriana.environment_reference.Radiation - Short wave radiation: [29.625, 27.610580524344567, 23.7252808988764, 20.18333333333333, 16.452715355805246, 15.866947565543073, 17.51354556803995, 18.560049937578025, 18.56919475655431, 19.74266541822722, 21.77200374531835, 26.59868913857678]
2022-04-15 20:31:11.034 [main] INFO  org.javeriana.environment_reference.Radiation - Net short wave radiation: [22.81125, 21.260147003745317, 18.26846629213483, 15.541166666666664, 12.66859082397004, 12.217549625468166, 13.485430087390762, 14.29123845193508, 14.29827996254682, 15.201852372034958, 16.764442883895132, 20.48099063670412]
2022-04-15 20:31:11.034 [main] INFO  org.javeriana.environment_reference.Radiation - Clear sky radiation: [29.625, 29.474999999999998, 28.349999999999998, 25.950000000000003, 23.325000000000003, 21.825000000000003, 22.35, 24.599999999999998, 27.224999999999998, 28.875, 29.474999999999998, 29.549999999999997]
2022-04-15 20:31:11.035 [main] INFO  org.javeriana.environment_reference.Radiation - Net long wave radiation: [10.961148578594933, 10.025140385366603, 8.547232711848183, 7.672804005016451, 6.601320941715603, 6.921534270977927, 7.759015285971695, 7.32795888119549, 6.256475817894639, 6.281107612453279, 7.0939568328884075, 9.483240905076517]
2022-04-15 20:32:12.517 [main] INFO  org.javeriana.environment_reference.WeatherObject - Averages loaded:[27.3, 27.7, 28.0, 28.1, 27.85, 27.79, 27.78, 27.66, 27.35, 27.01, 27.13, 27.18]
2022-04-15 20:32:12.520 [main] INFO  org.javeriana.environment_reference.WeatherObject - Averages loaded:[0.8, 0.78, 0.78, 0.8, 0.83, 0.84, 0.83, 0.84, 0.85, 0.85, 0.85, 0.83]
2022-04-15 20:32:12.523 [main] INFO  org.javeriana.environment_reference.RelativeHumidity - current average rh:
2022-04-15 20:32:12.523 [main] INFO  org.javeriana.environment_reference.RelativeHumidity - current average rh:
2022-04-15 20:32:12.523 [main] INFO  org.javeriana.environment_reference.RelativeHumidity - current average rh:
2022-04-15 20:32:12.523 [main] INFO  org.javeriana.environment_reference.RelativeHumidity - current average rh:
2022-04-15 20:32:12.523 [main] INFO  org.javeriana.environment_reference.RelativeHumidity - current average rh:
2022-04-15 20:32:12.523 [main] INFO  org.javeriana.environment_reference.RelativeHumidity - current average rh:
2022-04-15 20:32:12.523 [main] INFO  org.javeriana.environment_reference.RelativeHumidity - current average rh:
2022-04-15 20:32:12.523 [main] INFO  org.javeriana.environment_reference.RelativeHumidity - current average rh:
2022-04-15 20:32:12.523 [main] INFO  org.javeriana.environment_reference.RelativeHumidity - current average rh:
2022-04-15 20:32:12.524 [main] INFO  org.javeriana.environment_reference.RelativeHumidity - current average rh:
2022-04-15 20:32:12.524 [main] INFO  org.javeriana.environment_reference.RelativeHumidity - current average rh:
2022-04-15 20:32:12.524 [main] INFO  org.javeriana.environment_reference.RelativeHumidity - current average rh:
2022-04-15 20:32:12.524 [main] INFO  org.javeriana.environment_reference.RelativeHumidity - Mean saturation vapour pressure:
2022-04-15 20:32:12.525 [main] INFO  org.javeriana.environment_reference.RelativeHumidity - Actual vapour pressure:
2022-04-15 20:32:12.527 [main] INFO  org.javeriana.environment_reference.WeatherObject - Averages loaded:[8.01, 7.25, 6.05, 5.34, 4.47, 4.73, 5.41, 5.06, 4.19, 4.21, 4.87, 6.81]
2022-04-15 20:32:12.527 [main] INFO  org.javeriana.environment_reference.Radiation - Extraterrestrial loaded: [39.5, 39.3, 37.8, 34.6, 31.1, 29.1, 29.8, 32.8, 36.3, 38.5, 39.3, 39.4]
2022-04-15 20:32:12.527 [main] INFO  org.javeriana.environment_reference.Radiation - Short wave radiation: [29.625, 27.610580524344567, 23.7252808988764, 20.18333333333333, 16.452715355805246, 15.866947565543073, 17.51354556803995, 18.560049937578025, 18.56919475655431, 19.74266541822722, 21.77200374531835, 26.59868913857678]
2022-04-15 20:32:12.528 [main] INFO  org.javeriana.environment_reference.Radiation - Net short wave radiation: [22.81125, 21.260147003745317, 18.26846629213483, 15.541166666666664, 12.66859082397004, 12.217549625468166, 13.485430087390762, 14.29123845193508, 14.29827996254682, 15.201852372034958, 16.764442883895132, 20.48099063670412]
2022-04-15 20:32:12.528 [main] INFO  org.javeriana.environment_reference.Radiation - Clear sky radiation: [29.625, 29.474999999999998, 28.349999999999998, 25.950000000000003, 23.325000000000003, 21.825000000000003, 22.35, 24.599999999999998, 27.224999999999998, 28.875, 29.474999999999998, 29.549999999999997]
2022-04-15 20:32:12.529 [main] INFO  org.javeriana.environment_reference.Radiation - Net long wave radiation: [10.961148578594933, 10.025140385366603, 8.547232711848183, 7.672804005016451, 6.601320941715603, 6.921534270977927, 7.759015285971695, 7.32795888119549, 6.256475817894639, 6.281107612453279, 7.0939568328884075, 9.483240905076517]
2022-04-15 20:34:12.523 [main] INFO  org.javeriana.environment_reference.WeatherObject - Averages loaded:[27.3, 27.7, 28.0, 28.1, 27.85, 27.79, 27.78, 27.66, 27.35, 27.01, 27.13, 27.18]
2022-04-15 20:34:12.527 [main] INFO  org.javeriana.environment_reference.WeatherObject - Averages loaded:[0.8, 0.78, 0.78, 0.8, 0.83, 0.84, 0.83, 0.84, 0.85, 0.85, 0.85, 0.83]
2022-04-15 20:34:12.529 [main] INFO  org.javeriana.environment_reference.RelativeHumidity - current average rh:
2022-04-15 20:34:12.530 [main] INFO  org.javeriana.environment_reference.RelativeHumidity - current average rh:
2022-04-15 20:34:12.530 [main] INFO  org.javeriana.environment_reference.RelativeHumidity - current average rh:
2022-04-15 20:34:12.530 [main] INFO  org.javeriana.environment_reference.RelativeHumidity - current average rh:
2022-04-15 20:34:12.530 [main] INFO  org.javeriana.environment_reference.RelativeHumidity - current average rh:
2022-04-15 20:34:12.530 [main] INFO  org.javeriana.environment_reference.RelativeHumidity - current average rh:
2022-04-15 20:34:12.530 [main] INFO  org.javeriana.environment_reference.RelativeHumidity - current average rh:
2022-04-15 20:34:12.530 [main] INFO  org.javeriana.environment_reference.RelativeHumidity - current average rh:
2022-04-15 20:34:12.530 [main] INFO  org.javeriana.environment_reference.RelativeHumidity - current average rh:
2022-04-15 20:34:12.530 [main] INFO  org.javeriana.environment_reference.RelativeHumidity - current average rh:
2022-04-15 20:34:12.530 [main] INFO  org.javeriana.environment_reference.RelativeHumidity - current average rh:
2022-04-15 20:34:12.530 [main] INFO  org.javeriana.environment_reference.RelativeHumidity - current average rh:
2022-04-15 20:34:12.530 [main] INFO  org.javeriana.environment_reference.RelativeHumidity - Mean saturation vapour pressure: [0.9717992701710079, 0.9724922226470865, 0.9724922226470865, 0.9717992701710079, 0.9707609850945634, 0.9704151947243571, 0.9707609850945634, 0.9704151947243571, 0.9700695565507685, 0.9700695565507685, 0.9700695565507685, 0.9707609850945634]
2022-04-15 20:34:12.531 [main] INFO  org.javeriana.environment_reference.RelativeHumidity - Actual vapour pressure: 0.007996879324364502
2022-04-15 20:34:12.533 [main] INFO  org.javeriana.environment_reference.WeatherObject - Averages loaded:[8.01, 7.25, 6.05, 5.34, 4.47, 4.73, 5.41, 5.06, 4.19, 4.21, 4.87, 6.81]
2022-04-15 20:34:12.533 [main] INFO  org.javeriana.environment_reference.Radiation - Extraterrestrial loaded: [39.5, 39.3, 37.8, 34.6, 31.1, 29.1, 29.8, 32.8, 36.3, 38.5, 39.3, 39.4]
2022-04-15 20:34:12.533 [main] INFO  org.javeriana.environment_reference.Radiation - Short wave radiation: [29.625, 27.610580524344567, 23.7252808988764, 20.18333333333333, 16.452715355805246, 15.866947565543073, 17.51354556803995, 18.560049937578025, 18.56919475655431, 19.74266541822722, 21.77200374531835, 26.59868913857678]
2022-04-15 20:34:12.534 [main] INFO  org.javeriana.environment_reference.Radiation - Net short wave radiation: [22.81125, 21.260147003745317, 18.26846629213483, 15.541166666666664, 12.66859082397004, 12.217549625468166, 13.485430087390762, 14.29123845193508, 14.29827996254682, 15.201852372034958, 16.764442883895132, 20.48099063670412]
2022-04-15 20:34:12.534 [main] INFO  org.javeriana.environment_reference.Radiation - Clear sky radiation: [29.625, 29.474999999999998, 28.349999999999998, 25.950000000000003, 23.325000000000003, 21.825000000000003, 22.35, 24.599999999999998, 27.224999999999998, 28.875, 29.474999999999998, 29.549999999999997]
2022-04-15 20:34:12.535 [main] INFO  org.javeriana.environment_reference.Radiation - Net long wave radiation: [10.961148578594933, 10.025140385366603, 8.547232711848183, 7.672804005016451, 6.601320941715603, 6.921534270977927, 7.759015285971695, 7.32795888119549, 6.256475817894639, 6.281107612453279, 7.0939568328884075, 9.483240905076517]
2022-04-15 20:34:39.331 [main] INFO  org.javeriana.environment_reference.WeatherObject - Averages loaded:[27.3, 27.7, 28.0, 28.1, 27.85, 27.79, 27.78, 27.66, 27.35, 27.01, 27.13, 27.18]
2022-04-15 20:34:39.335 [main] INFO  org.javeriana.environment_reference.WeatherObject - Averages loaded:[0.8, 0.78, 0.78, 0.8, 0.83, 0.84, 0.83, 0.84, 0.85, 0.85, 0.85, 0.83]
2022-04-15 20:34:39.336 [main] INFO  org.javeriana.environment_reference.RelativeHumidity - Mean saturation vapour pressure: [0.9717992701710079, 0.9724922226470865, 0.9724922226470865, 0.9717992701710079, 0.9707609850945634, 0.9704151947243571, 0.9707609850945634, 0.9704151947243571, 0.9700695565507685, 0.9700695565507685, 0.9700695565507685, 0.9707609850945634]
2022-04-15 20:34:39.337 [main] INFO  org.javeriana.environment_reference.RelativeHumidity - Actual vapour pressure: 0.007996879324364502
2022-04-15 20:34:39.339 [main] INFO  org.javeriana.environment_reference.WeatherObject - Averages loaded:[8.01, 7.25, 6.05, 5.34, 4.47, 4.73, 5.41, 5.06, 4.19, 4.21, 4.87, 6.81]
2022-04-15 20:34:39.339 [main] INFO  org.javeriana.environment_reference.Radiation - Extraterrestrial loaded: [39.5, 39.3, 37.8, 34.6, 31.1, 29.1, 29.8, 32.8, 36.3, 38.5, 39.3, 39.4]
2022-04-15 20:34:39.339 [main] INFO  org.javeriana.environment_reference.Radiation - Short wave radiation: [29.625, 27.610580524344567, 23.7252808988764, 20.18333333333333, 16.452715355805246, 15.866947565543073, 17.51354556803995, 18.560049937578025, 18.56919475655431, 19.74266541822722, 21.77200374531835, 26.59868913857678]
2022-04-15 20:34:39.340 [main] INFO  org.javeriana.environment_reference.Radiation - Net short wave radiation: [22.81125, 21.260147003745317, 18.26846629213483, 15.541166666666664, 12.66859082397004, 12.217549625468166, 13.485430087390762, 14.29123845193508, 14.29827996254682, 15.201852372034958, 16.764442883895132, 20.48099063670412]
2022-04-15 20:34:39.340 [main] INFO  org.javeriana.environment_reference.Radiation - Clear sky radiation: [29.625, 29.474999999999998, 28.349999999999998, 25.950000000000003, 23.325000000000003, 21.825000000000003, 22.35, 24.599999999999998, 27.224999999999998, 28.875, 29.474999999999998, 29.549999999999997]
2022-04-15 20:34:39.341 [main] INFO  org.javeriana.environment_reference.Radiation - Net long wave radiation: [10.961148578594933, 10.025140385366603, 8.547232711848183, 7.672804005016451, 6.601320941715603, 6.921534270977927, 7.759015285971695, 7.32795888119549, 6.256475817894639, 6.281107612453279, 7.0939568328884075, 9.483240905076517]
2022-04-15 20:38:37.421 [main] INFO  org.javeriana.environment_reference.WeatherObject - Averages loaded:[27.3, 27.7, 28.0, 28.1, 27.85, 27.79, 27.78, 27.66, 27.35, 27.01, 27.13, 27.18]
2022-04-15 20:38:37.425 [main] INFO  org.javeriana.environment_reference.WeatherObject - Averages loaded:[0.8, 0.78, 0.78, 0.8, 0.83, 0.84, 0.83, 0.84, 0.85, 0.85, 0.85, 0.83]
2022-04-15 20:38:37.426 [main] INFO  org.javeriana.environment_reference.RelativeHumidity - Mean saturation vapour pressure: [0.9717992701710079, 0.9724922226470865, 0.9724922226470865, 0.9717992701710079, 0.9707609850945634, 0.9704151947243571, 0.9707609850945634, 0.9704151947243571, 0.9700695565507685, 0.9700695565507685, 0.9700695565507685, 0.9707609850945634]
2022-04-15 20:38:37.427 [main] INFO  org.javeriana.environment_reference.RelativeHumidity - Actual vapour pressure: 0.007996879324364502
2022-04-15 20:38:37.429 [main] INFO  org.javeriana.environment_reference.WeatherObject - Averages loaded:[8.01, 7.25, 6.05, 5.34, 4.47, 4.73, 5.41, 5.06, 4.19, 4.21, 4.87, 6.81]
2022-04-15 20:38:37.429 [main] INFO  org.javeriana.environment_reference.Radiation - Extraterrestrial loaded: [39.5, 39.3, 37.8, 34.6, 31.1, 29.1, 29.8, 32.8, 36.3, 38.5, 39.3, 39.4]
2022-04-15 20:38:37.430 [main] INFO  org.javeriana.environment_reference.Radiation - Short wave radiation: [29.625, 27.610580524344567, 23.7252808988764, 20.18333333333333, 16.452715355805246, 15.866947565543073, 17.51354556803995, 18.560049937578025, 18.56919475655431, 19.74266541822722, 21.77200374531835, 26.59868913857678]
2022-04-15 20:38:37.430 [main] INFO  org.javeriana.environment_reference.Radiation - Net short wave radiation: [22.81125, 21.260147003745317, 18.26846629213483, 15.541166666666664, 12.66859082397004, 12.217549625468166, 13.485430087390762, 14.29123845193508, 14.29827996254682, 15.201852372034958, 16.764442883895132, 20.48099063670412]
2022-04-15 20:38:37.430 [main] INFO  org.javeriana.environment_reference.Radiation - Clear sky radiation: [29.625, 29.474999999999998, 28.349999999999998, 25.950000000000003, 23.325000000000003, 21.825000000000003, 22.35, 24.599999999999998, 27.224999999999998, 28.875, 29.474999999999998, 29.549999999999997]
2022-04-15 20:38:37.431 [main] INFO  org.javeriana.environment_reference.Radiation - Net long wave radiation: [10.961148578594933, 10.025140385366603, 8.547232711848183, 7.672804005016451, 6.601320941715603, 6.921534270977927, 7.759015285971695, 7.32795888119549, 6.256475817894639, 6.281107612453279, 7.0939568328884075, 9.483240905076517]
2022-04-15 20:38:37.432 [main] INFO  org.javeriana.environment_reference.Radiation - Net radiation: [D@127a7a2e
2022-04-15 20:38:55.231 [main] INFO  org.javeriana.environment_reference.WeatherObject - Averages loaded:[27.3, 27.7, 28.0, 28.1, 27.85, 27.79, 27.78, 27.66, 27.35, 27.01, 27.13, 27.18]
2022-04-15 20:38:55.234 [main] INFO  org.javeriana.environment_reference.WeatherObject - Averages loaded:[0.8, 0.78, 0.78, 0.8, 0.83, 0.84, 0.83, 0.84, 0.85, 0.85, 0.85, 0.83]
2022-04-15 20:38:55.236 [main] INFO  org.javeriana.environment_reference.RelativeHumidity - Mean saturation vapour pressure: [0.9717992701710079, 0.9724922226470865, 0.9724922226470865, 0.9717992701710079, 0.9707609850945634, 0.9704151947243571, 0.9707609850945634, 0.9704151947243571, 0.9700695565507685, 0.9700695565507685, 0.9700695565507685, 0.9707609850945634]
2022-04-15 20:38:55.237 [main] INFO  org.javeriana.environment_reference.RelativeHumidity - Actual vapour pressure: 0.007996879324364502
2022-04-15 20:38:55.238 [main] INFO  org.javeriana.environment_reference.WeatherObject - Averages loaded:[8.01, 7.25, 6.05, 5.34, 4.47, 4.73, 5.41, 5.06, 4.19, 4.21, 4.87, 6.81]
2022-04-15 20:38:55.239 [main] INFO  org.javeriana.environment_reference.Radiation - Extraterrestrial loaded: [39.5, 39.3, 37.8, 34.6, 31.1, 29.1, 29.8, 32.8, 36.3, 38.5, 39.3, 39.4]
2022-04-15 20:38:55.239 [main] INFO  org.javeriana.environment_reference.Radiation - Short wave radiation: [29.625, 27.610580524344567, 23.7252808988764, 20.18333333333333, 16.452715355805246, 15.866947565543073, 17.51354556803995, 18.560049937578025, 18.56919475655431, 19.74266541822722, 21.77200374531835, 26.59868913857678]
2022-04-15 20:38:55.240 [main] INFO  org.javeriana.environment_reference.Radiation - Net short wave radiation: [22.81125, 21.260147003745317, 18.26846629213483, 15.541166666666664, 12.66859082397004, 12.217549625468166, 13.485430087390762, 14.29123845193508, 14.29827996254682, 15.201852372034958, 16.764442883895132, 20.48099063670412]
2022-04-15 20:38:55.240 [main] INFO  org.javeriana.environment_reference.Radiation - Clear sky radiation: [29.625, 29.474999999999998, 28.349999999999998, 25.950000000000003, 23.325000000000003, 21.825000000000003, 22.35, 24.599999999999998, 27.224999999999998, 28.875, 29.474999999999998, 29.549999999999997]
2022-04-15 20:38:55.241 [main] INFO  org.javeriana.environment_reference.Radiation - Net long wave radiation: [10.961148578594933, 10.025140385366603, 8.547232711848183, 7.672804005016451, 6.601320941715603, 6.921534270977927, 7.759015285971695, 7.32795888119549, 6.256475817894639, 6.281107612453279, 7.0939568328884075, 9.483240905076517]
2022-04-15 20:38:55.241 [main] INFO  org.javeriana.environment_reference.Radiation - Net radiation: [18.663851421405067, 17.585440138977965, 15.178048187028216, 12.510529328316878, 9.851394414089643, 8.945413294565146, 9.754530282068256, 11.232091056382536, 12.312718938659671, 13.46155780577394, 14.678046912429943, 17.115448233500263]
2022-04-15 20:39:30.446 [main] INFO  org.javeriana.environment_reference.WeatherObject - Averages loaded:[27.3, 27.7, 28.0, 28.1, 27.85, 27.79, 27.78, 27.66, 27.35, 27.01, 27.13, 27.18]
2022-04-15 20:39:30.449 [main] INFO  org.javeriana.environment_reference.WeatherObject - Averages loaded:[0.8, 0.78, 0.78, 0.8, 0.83, 0.84, 0.83, 0.84, 0.85, 0.85, 0.85, 0.83]
2022-04-15 20:39:30.451 [main] INFO  org.javeriana.environment_reference.RelativeHumidity - Mean saturation vapour pressure: [0.9717992701710079, 0.9724922226470865, 0.9724922226470865, 0.9717992701710079, 0.9707609850945634, 0.9704151947243571, 0.9707609850945634, 0.9704151947243571, 0.9700695565507685, 0.9700695565507685, 0.9700695565507685, 0.9707609850945634]
2022-04-15 20:39:30.452 [main] INFO  org.javeriana.environment_reference.RelativeHumidity - Actual vapour pressure: 0.007996879324364502
2022-04-15 20:39:30.454 [main] INFO  org.javeriana.environment_reference.WeatherObject - Averages loaded:[8.01, 7.25, 6.05, 5.34, 4.47, 4.73, 5.41, 5.06, 4.19, 4.21, 4.87, 6.81]
2022-04-15 20:39:30.454 [main] INFO  org.javeriana.environment_reference.Radiation - Extraterrestrial loaded: [39.5, 39.3, 37.8, 34.6, 31.1, 29.1, 29.8, 32.8, 36.3, 38.5, 39.3, 39.4]
2022-04-15 20:39:30.455 [main] INFO  org.javeriana.environment_reference.Radiation - Short wave radiation: [29.625, 27.610580524344567, 23.7252808988764, 20.18333333333333, 16.452715355805246, 15.866947565543073, 17.51354556803995, 18.560049937578025, 18.56919475655431, 19.74266541822722, 21.77200374531835, 26.59868913857678]
2022-04-15 20:39:30.455 [main] INFO  org.javeriana.environment_reference.Radiation - Net short wave radiation: [22.81125, 21.260147003745317, 18.26846629213483, 15.541166666666664, 12.66859082397004, 12.217549625468166, 13.485430087390762, 14.29123845193508, 14.29827996254682, 15.201852372034958, 16.764442883895132, 20.48099063670412]
2022-04-15 20:39:30.455 [main] INFO  org.javeriana.environment_reference.Radiation - Clear sky radiation: [29.625, 29.474999999999998, 28.349999999999998, 25.950000000000003, 23.325000000000003, 21.825000000000003, 22.35, 24.599999999999998, 27.224999999999998, 28.875, 29.474999999999998, 29.549999999999997]
2022-04-15 20:39:30.456 [main] INFO  org.javeriana.environment_reference.Radiation - Net long wave radiation: [10.961148578594933, 10.025140385366603, 8.547232711848183, 7.672804005016451, 6.601320941715603, 6.921534270977927, 7.759015285971695, 7.32795888119549, 6.256475817894639, 6.281107612453279, 7.0939568328884075, 9.483240905076517]
2022-04-15 20:39:30.457 [main] INFO  org.javeriana.environment_reference.Radiation - Net radiation: [11.850101421405068, 11.235006618378714, 9.721233580286645, 7.868362661650212, 6.067269882254438, 5.2960153544902395, 5.726414801419067, 6.96327957073959, 8.04180414465218, 8.92074475958168, 9.670486051006725, 10.997749731627604]
